app/build/intermediates/manifest_merge_blame_file/debug/manifest-merger-blame-debug-report.txt
1<?xml version="1.0" encoding="utf-8"?>
2<manifest xmlns:android="http://schemas.android.com/apk/res/android"
3    package="com.example.course_application"
4    android:versionCode="1"
5    android:versionName="1.0" >
6
7    <uses-sdk
8        android:minSdkVersion="21"
8-->src\main\AndroidManifest.xml
9        android:targetSdkVersion="32" />
9-->src\main\AndroidManifest.xml
10
11    <uses-permission android:name="android.permission.RECORD_AUDIO" />
11-->src\main\AndroidManifest.xml:4:5-71
11-->src\main\AndroidManifest.xml:4:22-68
12
13    <application
13-->src\main\AndroidManifest.xml:6:5-141:19
14        android:allowBackup="true"
14-->src\main\AndroidManifest.xml:7:9-35
15        android:appComponentFactory="androidx.core.app.CoreComponentFactory"
15-->[androidx.core:core:1.8.0] AndroidManifest.xml:24:18-86
16        android:dataExtractionRules="@xml/data_extraction_rules"
16-->src\main\AndroidManifest.xml:8:9-65
17        android:debuggable="true"
18        android:fullBackupContent="@xml/backup_rules"
18-->src\main\AndroidManifest.xml:9:9-54
19        android:icon="@mipmap/ic_launcher"
19-->src\main\AndroidManifest.xml:10:9-43
20        android:label="@string/app_name"
20-->src\main\AndroidManifest.xml:11:9-41
21        android:roundIcon="@mipmap/ic_launcher_round"
21-->src\main\AndroidManifest.xml:12:9-54
22        android:supportsRtl="true"
22-->src\main\AndroidManifest.xml:13:9-35
23        android:testOnly="true"
24        android:theme="@style/Theme.Courseapplication" >
24-->src\main\AndroidManifest.xml:14:9-55
25        <activity
25-->src\main\AndroidManifest.xml:16:9-22:20
26            android:name="com.example.course_application.ListeningPractice"
26-->src\main\AndroidManifest.xml:17:13-46
27            android:exported="false" >
27-->src\main\AndroidManifest.xml:18:13-37
28            <meta-data
28-->src\main\AndroidManifest.xml:19:13-21:36
29                android:name="android.app.lib_name"
29-->src\main\AndroidManifest.xml:20:17-52
30                android:value="" />
30-->src\main\AndroidManifest.xml:21:17-33
31        </activity>
32        <activity
32-->src\main\AndroidManifest.xml:23:9-29:20
33            android:name="com.example.course_application.ListeningResult"
33-->src\main\AndroidManifest.xml:24:13-44
34            android:exported="false" >
34-->src\main\AndroidManifest.xml:25:13-37
35            <meta-data
35-->src\main\AndroidManifest.xml:19:13-21:36
36                android:name="android.app.lib_name"
36-->src\main\AndroidManifest.xml:20:17-52
37                android:value="" />
37-->src\main\AndroidManifest.xml:21:17-33
38        </activity>
39        <activity
39-->src\main\AndroidManifest.xml:30:9-36:20
40            android:name="com.example.course_application.WordResult"
40-->src\main\AndroidManifest.xml:31:13-39
41            android:exported="false" >
41-->src\main\AndroidManifest.xml:32:13-37
42            <meta-data
42-->src\main\AndroidManifest.xml:19:13-21:36
43                android:name="android.app.lib_name"
43-->src\main\AndroidManifest.xml:20:17-52
44                android:value="" />
44-->src\main\AndroidManifest.xml:21:17-33
45        </activity>
46        <activity
46-->src\main\AndroidManifest.xml:37:9-43:20
47            android:name="com.example.course_application.WordPractice"
47-->src\main\AndroidManifest.xml:38:13-41
48            android:exported="false" >
48-->src\main\AndroidManifest.xml:39:13-37
49            <meta-data
49-->src\main\AndroidManifest.xml:19:13-21:36
50                android:name="android.app.lib_name"
50-->src\main\AndroidManifest.xml:20:17-52
51                android:value="" />
51-->src\main\AndroidManifest.xml:21:17-33
52        </activity>
53        <activity
53-->src\main\AndroidManifest.xml:44:9-50:20
54            android:name="com.example.course_application.Unsucsess"
54-->src\main\AndroidManifest.xml:45:13-38
55            android:exported="false" >
55-->src\main\AndroidManifest.xml:46:13-37
56            <meta-data
56-->src\main\AndroidManifest.xml:19:13-21:36
57                android:name="android.app.lib_name"
57-->src\main\AndroidManifest.xml:20:17-52
58                android:value="" />
58-->src\main\AndroidManifest.xml:21:17-33
59        </activity>
60        <activity
60-->src\main\AndroidManifest.xml:51:9-57:20
61            android:name="com.example.course_application.Complete"
61-->src\main\AndroidManifest.xml:52:13-37
62            android:exported="false" >
62-->src\main\AndroidManifest.xml:53:13-37
63            <meta-data
63-->src\main\AndroidManifest.xml:19:13-21:36
64                android:name="android.app.lib_name"
64-->src\main\AndroidManifest.xml:20:17-52
65                android:value="" />
65-->src\main\AndroidManifest.xml:21:17-33
66        </activity>
67        <activity
67-->src\main\AndroidManifest.xml:58:9-64:20
68            android:name="com.example.course_application.Animal"
68-->src\main\AndroidManifest.xml:59:13-35
69            android:exported="false" >
69-->src\main\AndroidManifest.xml:60:13-37
70            <meta-data
70-->src\main\AndroidManifest.xml:19:13-21:36
71                android:name="android.app.lib_name"
71-->src\main\AndroidManifest.xml:20:17-52
72                android:value="" />
72-->src\main\AndroidManifest.xml:21:17-33
73        </activity>
74        <activity
74-->src\main\AndroidManifest.xml:65:9-71:20
75            android:name="com.example.course_application.Language"
75-->src\main\AndroidManifest.xml:66:13-37
76            android:exported="false" >
76-->src\main\AndroidManifest.xml:67:13-37
77            <meta-data
77-->src\main\AndroidManifest.xml:19:13-21:36
78                android:name="android.app.lib_name"
78-->src\main\AndroidManifest.xml:20:17-52
79                android:value="" />
79-->src\main\AndroidManifest.xml:21:17-33
80        </activity>
81        <activity
81-->src\main\AndroidManifest.xml:72:9-78:20
82            android:name="com.example.course_application.ProfilePhotoResize"
82-->src\main\AndroidManifest.xml:73:13-47
83            android:exported="false" >
83-->src\main\AndroidManifest.xml:74:13-37
84            <meta-data
84-->src\main\AndroidManifest.xml:19:13-21:36
85                android:name="android.app.lib_name"
85-->src\main\AndroidManifest.xml:20:17-52
86                android:value="" />
86-->src\main\AndroidManifest.xml:21:17-33
87        </activity>
88        <activity
88-->src\main\AndroidManifest.xml:79:9-85:20
89            android:name="com.example.course_application.Profile"
89-->src\main\AndroidManifest.xml:80:13-36
90            android:exported="false" >
90-->src\main\AndroidManifest.xml:81:13-37
91            <meta-data
91-->src\main\AndroidManifest.xml:19:13-21:36
92                android:name="android.app.lib_name"
92-->src\main\AndroidManifest.xml:20:17-52
93                android:value="" />
93-->src\main\AndroidManifest.xml:21:17-33
94        </activity>
95        <activity
95-->src\main\AndroidManifest.xml:86:9-92:20
96            android:name="com.example.course_application.SignupConfirm"
96-->src\main\AndroidManifest.xml:87:13-42
97            android:exported="false" >
97-->src\main\AndroidManifest.xml:88:13-37
98            <meta-data
98-->src\main\AndroidManifest.xml:19:13-21:36
99                android:name="android.app.lib_name"
99-->src\main\AndroidManifest.xml:20:17-52
100                android:value="" />
100-->src\main\AndroidManifest.xml:21:17-33
101        </activity>
102        <activity
102-->src\main\AndroidManifest.xml:93:9-99:20
103            android:name="com.example.course_application.Signup"
103-->src\main\AndroidManifest.xml:94:13-35
104            android:exported="false" >
104-->src\main\AndroidManifest.xml:95:13-37
105            <meta-data
105-->src\main\AndroidManifest.xml:19:13-21:36
106                android:name="android.app.lib_name"
106-->src\main\AndroidManifest.xml:20:17-52
107                android:value="" />
107-->src\main\AndroidManifest.xml:21:17-33
108        </activity>
109        <activity
109-->src\main\AndroidManifest.xml:100:9-106:20
110            android:name="com.example.course_application.Login"
110-->src\main\AndroidManifest.xml:101:13-34
111            android:exported="false" >
111-->src\main\AndroidManifest.xml:102:13-37
112            <meta-data
112-->src\main\AndroidManifest.xml:19:13-21:36
113                android:name="android.app.lib_name"
113-->src\main\AndroidManifest.xml:20:17-52
114                android:value="" />
114-->src\main\AndroidManifest.xml:21:17-33
115        </activity>
116        <activity
116-->src\main\AndroidManifest.xml:107:9-113:20
117            android:name="com.example.course_application.OnBoarding3"
117-->src\main\AndroidManifest.xml:108:13-40
118            android:exported="false" >
118-->src\main\AndroidManifest.xml:109:13-37
119            <meta-data
119-->src\main\AndroidManifest.xml:19:13-21:36
120                android:name="android.app.lib_name"
120-->src\main\AndroidManifest.xml:20:17-52
121                android:value="" />
121-->src\main\AndroidManifest.xml:21:17-33
122        </activity>
123        <activity
123-->src\main\AndroidManifest.xml:114:9-120:20
124            android:name="com.example.course_application.OnBoarding2"
124-->src\main\AndroidManifest.xml:115:13-40
125            android:exported="false" >
125-->src\main\AndroidManifest.xml:116:13-37
126            <meta-data
126-->src\main\AndroidManifest.xml:19:13-21:36
127                android:name="android.app.lib_name"
127-->src\main\AndroidManifest.xml:20:17-52
128                android:value="" />
128-->src\main\AndroidManifest.xml:21:17-33
129        </activity>
130        <activity
130-->src\main\AndroidManifest.xml:121:9-127:20
131            android:name="com.example.course_application.OnBoarding1"
131-->src\main\AndroidManifest.xml:122:13-40
132            android:exported="false" >
132-->src\main\AndroidManifest.xml:123:13-37
133            <meta-data
133-->src\main\AndroidManifest.xml:19:13-21:36
134                android:name="android.app.lib_name"
134-->src\main\AndroidManifest.xml:20:17-52
135                android:value="" />
135-->src\main\AndroidManifest.xml:21:17-33
136        </activity>
137        <activity
137-->src\main\AndroidManifest.xml:128:9-140:20
138            android:name="com.example.course_application.SplashScreen"
138-->src\main\AndroidManifest.xml:129:13-41
139            android:exported="true" >
139-->src\main\AndroidManifest.xml:130:13-36
140            <intent-filter>
140-->src\main\AndroidManifest.xml:131:13-135:29
141                <action android:name="android.intent.action.MAIN" />
141-->src\main\AndroidManifest.xml:132:17-69
141-->src\main\AndroidManifest.xml:132:25-66
142
143                <category android:name="android.intent.category.LAUNCHER" />
143-->src\main\AndroidManifest.xml:134:17-77
143-->src\main\AndroidManifest.xml:134:27-74
144            </intent-filter>
145
146            <meta-data
146-->src\main\AndroidManifest.xml:19:13-21:36
147                android:name="android.app.lib_name"
147-->src\main\AndroidManifest.xml:20:17-52
148                android:value="" />
148-->src\main\AndroidManifest.xml:21:17-33
149        </activity>
150
151        <provider
151-->[androidx.emoji2:emoji2:1.2.0] AndroidManifest.xml:24:9-32:20
152            android:name="androidx.startup.InitializationProvider"
152-->[androidx.emoji2:emoji2:1.2.0] AndroidManifest.xml:25:13-67
153            android:authorities="com.example.course_application.androidx-startup"
153-->[androidx.emoji2:emoji2:1.2.0] AndroidManifest.xml:26:13-68
154            android:exported="false" >
154-->[androidx.emoji2:emoji2:1.2.0] AndroidManifest.xml:27:13-37
155            <meta-data
155-->[androidx.emoji2:emoji2:1.2.0] AndroidManifest.xml:29:13-31:52
156                android:name="androidx.emoji2.text.EmojiCompatInitializer"
156-->[androidx.emoji2:emoji2:1.2.0] AndroidManifest.xml:30:17-75
157                android:value="androidx.startup" />
157-->[androidx.emoji2:emoji2:1.2.0] AndroidManifest.xml:31:17-49
158            <meta-data
158-->[androidx.lifecycle:lifecycle-process:2.4.1] AndroidManifest.xml:31:13-33:52
159                android:name="androidx.lifecycle.ProcessLifecycleInitializer"
159-->[androidx.lifecycle:lifecycle-process:2.4.1] AndroidManifest.xml:32:17-78
160                android:value="androidx.startup" />
160-->[androidx.lifecycle:lifecycle-process:2.4.1] AndroidManifest.xml:33:17-49
161        </provider>
162    </application>
163
164</manifest>